<?xml version="1.0" encoding="UTF-8"?>
<!-- Generated by org.testng.reporters.JUnitReportReporter -->
<testsuite skipped="0" hostname="r2d2s-MacBook-Pro.local" name="com.automation.testcases.AddNewMediaTest" tests="4" failures="0" timestamp="27 Apr 2018 12:03:22 GMT" time="54.532" errors="0">
  <testcase name="validateAddNewMedia" time="13.819" classname="com.automation.testcases.AddNewMediaTest"/>
  <testcase name="validateAddNewMedia" time="17.014" classname="com.automation.testcases.AddNewMediaTest"/>
  <testcase name="validateAddNewMedia" time="11.443" classname="com.automation.testcases.AddNewMediaTest"/>
  <testcase name="validateAddNewMedia" time="12.256" classname="com.automation.testcases.AddNewMediaTest"/>
</testsuite> <!-- com.automation.testcases.AddNewMediaTest -->
