<?xml version="1.0" encoding="UTF-8"?>
<!-- Generated by org.testng.reporters.JUnitReportReporter -->
<testsuite skipped="0" hostname="r2d2s-MacBook-Pro.local" name="com.automation.testcases.LoginBackendTest" tests="3" failures="0" timestamp="27 Apr 2018 11:50:09 GMT" time="12.323" errors="0">
  <testcase name="loginBackendTestTitle" time="3.796" classname="com.automation.testcases.LoginBackendTest"/>
  <testcase name="wordpressLogoTest" time="2.276" classname="com.automation.testcases.LoginBackendTest"/>
  <testcase name="loginTest" time="6.251" classname="com.automation.testcases.LoginBackendTest"/>
</testsuite> <!-- com.automation.testcases.LoginBackendTest -->
