<?xml version="1.0" encoding="UTF-8"?>
<!-- Generated by org.testng.reporters.JUnitReportReporter -->
<testsuite skipped="0" hostname="r2d2s-MacBook-Pro.local" name="com.automation.testcases.EmptyTrashPostsTest" tests="1" failures="0" timestamp="27 Apr 2018 11:50:09 GMT" time="23.947" errors="0">
  <testcase name="emptyTrashPosts" time="23.947" classname="com.automation.testcases.EmptyTrashPostsTest"/>
</testsuite> <!-- com.automation.testcases.EmptyTrashPostsTest -->
