<?xml version="1.0" encoding="UTF-8"?>
<!-- Generated by org.testng.reporters.JUnitReportReporter -->
<testsuite skipped="0" hostname="r2d2s-MacBook-Pro.local" name="com.automation.testcases.MoveToTrashPostsTest" tests="1" failures="0" timestamp="27 Apr 2018 11:50:09 GMT" time="21.167" errors="0">
  <testcase name="moveToTrashPostsTest" time="21.167" classname="com.automation.testcases.MoveToTrashPostsTest"/>
</testsuite> <!-- com.automation.testcases.MoveToTrashPostsTest -->
