<?xml version="1.0" encoding="UTF-8"?>
<!-- Generated by org.testng.reporters.JUnitReportReporter -->
<testsuite skipped="0" hostname="r2d2s-MacBook-Pro.local" name="com.automation.testcases.AdminPageTest" tests="3" failures="0" timestamp="27 Apr 2018 11:50:09 GMT" time="16.681" errors="0">
  <testcase name="verifyAdminPageTitle" time="5.680" classname="com.automation.testcases.AdminPageTest"/>
  <testcase name="verifyUserNameTest" time="5.002" classname="com.automation.testcases.AdminPageTest"/>
  <testcase name="verifyContactsLinkTest" time="5.999" classname="com.automation.testcases.AdminPageTest"/>
</testsuite> <!-- com.automation.testcases.AdminPageTest -->
