<?xml version="1.0" encoding="UTF-8"?>
<!-- Generated by org.testng.reporters.JUnitReportReporter -->
<testsuite skipped="0" hostname="r2d2s-MacBook-Pro.local" name="com.automation.testcases.AddNewPostTest" tests="3" failures="0" timestamp="27 Apr 2018 11:50:09 GMT" time="110.652" errors="0">
  <testcase name="validateAddNewPost" time="35.439" classname="com.automation.testcases.AddNewPostTest"/>
  <testcase name="validateAddNewPost" time="35.398" classname="com.automation.testcases.AddNewPostTest"/>
  <testcase name="validateAddNewPost" time="39.815" classname="com.automation.testcases.AddNewPostTest"/>
</testsuite> <!-- com.automation.testcases.AddNewPostTest -->
